[2022-09-30 19:10:07.273 +05:30  INF]  Application Starting.##############3
[2022-09-30 19:10:10.004 +05:30  INF]  Now listening on: http://localhost:5263
[2022-09-30 19:10:10.015 +05:30  INF]  Application started. Press Ctrl+C to shut down.
[2022-09-30 19:10:10.015 +05:30  INF]  Hosting environment: Development
[2022-09-30 19:10:10.015 +05:30  INF]  Content root path: D:\Demo.Core.Api.Samples\Demo.Core.Api
[2022-09-30 19:10:12.197 +05:30  INF]  Request starting HTTP/1.1 GET http://localhost:5263/swagger/index.html - -
[2022-09-30 19:10:13.282 +05:30  INF]  Request starting HTTP/1.1 GET http://localhost:5263/_framework/aspnetcore-browser-refresh.js - -
[2022-09-30 19:10:13.282 +05:30  INF]  Request starting HTTP/1.1 GET http://localhost:5263/_vs/browserLink - -
[2022-09-30 19:10:13.285 +05:30  INF]  Request finished HTTP/1.1 GET http://localhost:5263/swagger/index.html - - - 200 - text/html;charset=utf-8 1095.5588ms
[2022-09-30 19:10:13.286 +05:30  INF]  Request finished HTTP/1.1 GET http://localhost:5263/_framework/aspnetcore-browser-refresh.js - - - 200 12002 application/javascript;+charset=utf-8 4.8051ms
[2022-09-30 19:10:13.642 +05:30  INF]  Request finished HTTP/1.1 GET http://localhost:5263/_vs/browserLink - - - 200 - text/javascript;+charset=UTF-8 360.3541ms
[2022-09-30 19:10:13.726 +05:30  INF]  Request starting HTTP/1.1 GET http://localhost:5263/swagger/v1/swagger.json - -
[2022-09-30 19:10:14.127 +05:30  INF]  Request finished HTTP/1.1 GET http://localhost:5263/swagger/v1/swagger.json - - - 200 - application/json;charset=utf-8 401.6034ms
[2022-09-30 19:10:20.915 +05:30  INF]  Request starting HTTP/1.1 GET http://localhost:5263/Product/product?productSKu=MILK - -
[2022-09-30 19:10:20.928 +05:30  WRN]  Failed to determine the https port for redirect.
[2022-09-30 19:10:20.983 +05:30  INF]  Executing endpoint 'Demo.Core.Api.Controllers.ProductController.Get (Demo.Core.Api)'
[2022-09-30 19:10:21.041 +05:30  INF]  Route matched with {action = "Get", controller = "Product"}. Executing controller action with signature System.Threading.Tasks.Task`1[Microsoft.AspNetCore.Mvc.IActionResult] Get(System.String) on controller Demo.Core.Api.Controllers.ProductController (Demo.Core.Api).
[2022-09-30 19:10:21.082 +05:30  INF]  Getting product information
[2022-09-30 19:10:21.130 +05:30  INF]  Executing OkObjectResult, writing value of type 'Demo.Core.Framework.Models.Product'.
[2022-09-30 19:10:21.148 +05:30  INF]  Executed action Demo.Core.Api.Controllers.ProductController.Get (Demo.Core.Api) in 101.0184ms
[2022-09-30 19:10:21.153 +05:30  INF]  Executed endpoint 'Demo.Core.Api.Controllers.ProductController.Get (Demo.Core.Api)'
[2022-09-30 19:10:21.154 +05:30  INF]  Request finished HTTP/1.1 GET http://localhost:5263/Product/product?productSKu=MILK - - - 200 - application/json;+charset=utf-8 239.4783ms
[2022-09-30 19:35:32.548 +05:30  INF]  Application Starting.##############3
[2022-09-30 19:35:34.515 +05:30  INF]  Now listening on: http://localhost:5263
[2022-09-30 19:35:34.523 +05:30  INF]  Application started. Press Ctrl+C to shut down.
[2022-09-30 19:35:34.524 +05:30  INF]  Hosting environment: Development
[2022-09-30 19:35:34.524 +05:30  INF]  Content root path: D:\Demo.Core.Api.Samples\Demo.Core.Api
[2022-09-30 19:35:36.071 +05:30  INF]  Request starting HTTP/1.1 GET http://localhost:5263/swagger/index.html - -
[2022-09-30 19:35:36.807 +05:30  INF]  Request starting HTTP/1.1 GET http://localhost:5263/_framework/aspnetcore-browser-refresh.js - -
[2022-09-30 19:35:36.822 +05:30  INF]  Request starting HTTP/1.1 GET http://localhost:5263/_vs/browserLink - -
[2022-09-30 19:35:36.823 +05:30  INF]  Request finished HTTP/1.1 GET http://localhost:5263/_framework/aspnetcore-browser-refresh.js - - - 200 12002 application/javascript;+charset=utf-8 14.2266ms
[2022-09-30 19:35:36.839 +05:30  INF]  Request finished HTTP/1.1 GET http://localhost:5263/swagger/index.html - - - 200 - text/html;charset=utf-8 776.6680ms
[2022-09-30 19:35:36.964 +05:30  INF]  Request finished HTTP/1.1 GET http://localhost:5263/_vs/browserLink - - - 200 - text/javascript;+charset=UTF-8 141.7322ms
[2022-09-30 19:35:37.035 +05:30  INF]  Request starting HTTP/1.1 GET http://localhost:5263/swagger/v1/swagger.json - -
[2022-09-30 19:35:37.318 +05:30  INF]  Request finished HTTP/1.1 GET http://localhost:5263/swagger/v1/swagger.json - - - 200 - application/json;charset=utf-8 281.4361ms
[2022-09-30 19:35:44.863 +05:30  INF]  Request starting HTTP/1.1 GET http://localhost:5263/Product/product?productSKu=MILK - -
[2022-09-30 19:35:44.884 +05:30  WRN]  Failed to determine the https port for redirect.
[2022-09-30 19:35:44.934 +05:30  INF]  Executing endpoint 'Demo.Core.Api.Controllers.ProductController.Get (Demo.Core.Api)'
[2022-09-30 19:35:44.991 +05:30  INF]  Route matched with {action = "Get", controller = "Product"}. Executing controller action with signature System.Threading.Tasks.Task`1[Microsoft.AspNetCore.Mvc.IActionResult] Get(System.String) on controller Demo.Core.Api.Controllers.ProductController (Demo.Core.Api).
[2022-09-30 19:35:45.039 +05:30  INF]  Getting product information
[2022-09-30 19:35:45.110 +05:30  INF]  Executing OkObjectResult, writing value of type 'Demo.Core.Framework.Models.Product'.
[2022-09-30 19:35:45.135 +05:30  INF]  Executed action Demo.Core.Api.Controllers.ProductController.Get (Demo.Core.Api) in 132.7989ms
[2022-09-30 19:35:45.136 +05:30  INF]  Executed endpoint 'Demo.Core.Api.Controllers.ProductController.Get (Demo.Core.Api)'
[2022-09-30 19:35:45.136 +05:30  INF]  Request finished HTTP/1.1 GET http://localhost:5263/Product/product?productSKu=MILK - - - 200 - application/json;+charset=utf-8 272.9675ms
